                              1 ;--------------------------------------------------------
                              2 ; File Created by SDCC : FreeWare ANSI-C Compiler
                              3 ; Version 2.6.0 #4309 (Jul 28 2006)
                              4 ; This file generated Sat Apr 14 19:58:47 2018
                              5 ;--------------------------------------------------------
                              6 	.module rtc
                              7 	.optsdcc -mmcs51 --model-large
                              8 	
                              9 ;--------------------------------------------------------
                             10 ; Public variables in this module
                             11 ;--------------------------------------------------------
                             12 	.globl _TF1
                             13 	.globl _TR1
                             14 	.globl _TF0
                             15 	.globl _TR0
                             16 	.globl _IE1
                             17 	.globl _IT1
                             18 	.globl _IE0
                             19 	.globl _IT0
                             20 	.globl _SM0
                             21 	.globl _SM1
                             22 	.globl _SM2
                             23 	.globl _REN
                             24 	.globl _TB8
                             25 	.globl _RB8
                             26 	.globl _TI
                             27 	.globl _RI
                             28 	.globl _CY
                             29 	.globl _AC
                             30 	.globl _F0
                             31 	.globl _RS1
                             32 	.globl _RS0
                             33 	.globl _OV
                             34 	.globl _F1
                             35 	.globl _P
                             36 	.globl _RD
                             37 	.globl _WR
                             38 	.globl _T1
                             39 	.globl _T0
                             40 	.globl _INT1
                             41 	.globl _INT0
                             42 	.globl _TXD0
                             43 	.globl _TXD
                             44 	.globl _RXD0
                             45 	.globl _RXD
                             46 	.globl _P3_7
                             47 	.globl _P3_6
                             48 	.globl _P3_5
                             49 	.globl _P3_4
                             50 	.globl _P3_3
                             51 	.globl _P3_2
                             52 	.globl _P3_1
                             53 	.globl _P3_0
                             54 	.globl _P2_7
                             55 	.globl _P2_6
                             56 	.globl _P2_5
                             57 	.globl _P2_4
                             58 	.globl _P2_3
                             59 	.globl _P2_2
                             60 	.globl _P2_1
                             61 	.globl _P2_0
                             62 	.globl _P1_7
                             63 	.globl _P1_6
                             64 	.globl _P1_5
                             65 	.globl _P1_4
                             66 	.globl _P1_3
                             67 	.globl _P1_2
                             68 	.globl _P1_1
                             69 	.globl _P1_0
                             70 	.globl _P0_7
                             71 	.globl _P0_6
                             72 	.globl _P0_5
                             73 	.globl _P0_4
                             74 	.globl _P0_3
                             75 	.globl _P0_2
                             76 	.globl _P0_1
                             77 	.globl _P0_0
                             78 	.globl _PS
                             79 	.globl _PT1
                             80 	.globl _PX1
                             81 	.globl _PT0
                             82 	.globl _PX0
                             83 	.globl _EA
                             84 	.globl _ES
                             85 	.globl _ET1
                             86 	.globl _EX1
                             87 	.globl _ET0
                             88 	.globl _EX0
                             89 	.globl _BREG_F7
                             90 	.globl _BREG_F6
                             91 	.globl _BREG_F5
                             92 	.globl _BREG_F4
                             93 	.globl _BREG_F3
                             94 	.globl _BREG_F2
                             95 	.globl _BREG_F1
                             96 	.globl _BREG_F0
                             97 	.globl _P5_7
                             98 	.globl _P5_6
                             99 	.globl _P5_5
                            100 	.globl _P5_4
                            101 	.globl _P5_3
                            102 	.globl _P5_2
                            103 	.globl _P5_1
                            104 	.globl _P5_0
                            105 	.globl _P4_7
                            106 	.globl _P4_6
                            107 	.globl _P4_5
                            108 	.globl _P4_4
                            109 	.globl _P4_3
                            110 	.globl _P4_2
                            111 	.globl _P4_1
                            112 	.globl _P4_0
                            113 	.globl _PX0L
                            114 	.globl _PT0L
                            115 	.globl _PX1L
                            116 	.globl _PT1L
                            117 	.globl _PLS
                            118 	.globl _PT2L
                            119 	.globl _PPCL
                            120 	.globl _EC
                            121 	.globl _CCF0
                            122 	.globl _CCF1
                            123 	.globl _CCF2
                            124 	.globl _CCF3
                            125 	.globl _CCF4
                            126 	.globl _CR
                            127 	.globl _CF
                            128 	.globl _TF2
                            129 	.globl _EXF2
                            130 	.globl _RCLK
                            131 	.globl _TCLK
                            132 	.globl _EXEN2
                            133 	.globl _TR2
                            134 	.globl _C_T2
                            135 	.globl _CP_RL2
                            136 	.globl _T2CON_7
                            137 	.globl _T2CON_6
                            138 	.globl _T2CON_5
                            139 	.globl _T2CON_4
                            140 	.globl _T2CON_3
                            141 	.globl _T2CON_2
                            142 	.globl _T2CON_1
                            143 	.globl _T2CON_0
                            144 	.globl _PT2
                            145 	.globl _ET2
                            146 	.globl _TMOD
                            147 	.globl _TL1
                            148 	.globl _TL0
                            149 	.globl _TH1
                            150 	.globl _TH0
                            151 	.globl _TCON
                            152 	.globl _SP
                            153 	.globl _SCON
                            154 	.globl _SBUF0
                            155 	.globl _SBUF
                            156 	.globl _PSW
                            157 	.globl _PCON
                            158 	.globl _P3
                            159 	.globl _P2
                            160 	.globl _P1
                            161 	.globl _P0
                            162 	.globl _IP
                            163 	.globl _IE
                            164 	.globl _DP0L
                            165 	.globl _DPL
                            166 	.globl _DP0H
                            167 	.globl _DPH
                            168 	.globl _B
                            169 	.globl _ACC
                            170 	.globl _EECON
                            171 	.globl _KBF
                            172 	.globl _KBE
                            173 	.globl _KBLS
                            174 	.globl _BRL
                            175 	.globl _BDRCON
                            176 	.globl _T2MOD
                            177 	.globl _SPDAT
                            178 	.globl _SPSTA
                            179 	.globl _SPCON
                            180 	.globl _SADEN
                            181 	.globl _SADDR
                            182 	.globl _WDTPRG
                            183 	.globl _WDTRST
                            184 	.globl _P5
                            185 	.globl _P4
                            186 	.globl _IPH1
                            187 	.globl _IPL1
                            188 	.globl _IPH0
                            189 	.globl _IPL0
                            190 	.globl _IEN1
                            191 	.globl _IEN0
                            192 	.globl _CMOD
                            193 	.globl _CL
                            194 	.globl _CH
                            195 	.globl _CCON
                            196 	.globl _CCAPM4
                            197 	.globl _CCAPM3
                            198 	.globl _CCAPM2
                            199 	.globl _CCAPM1
                            200 	.globl _CCAPM0
                            201 	.globl _CCAP4L
                            202 	.globl _CCAP3L
                            203 	.globl _CCAP2L
                            204 	.globl _CCAP1L
                            205 	.globl _CCAP0L
                            206 	.globl _CCAP4H
                            207 	.globl _CCAP3H
                            208 	.globl _CCAP2H
                            209 	.globl _CCAP1H
                            210 	.globl _CCAP0H
                            211 	.globl _CKRL
                            212 	.globl _AUXR1
                            213 	.globl _AUXR
                            214 	.globl _TH2
                            215 	.globl _TL2
                            216 	.globl _RCAP2H
                            217 	.globl _RCAP2L
                            218 	.globl _T2CON
                            219 	.globl _time
                            220 	.globl _timer_on_off_flag
                            221 	.globl _lcd_current_row
                            222 	.globl _lcd_current_column
                            223 	.globl _loop
                            224 	.globl _rtc_interrupt_handler
                            225 	.globl _rtc_init
                            226 	.globl _rtc_diplay
                            227 	.globl _rtc_stop_time
                            228 	.globl _rtc_start_time
                            229 	.globl _rtc_reset_time
                            230 ;--------------------------------------------------------
                            231 ; special function registers
                            232 ;--------------------------------------------------------
                            233 	.area RSEG    (DATA)
                    00C8    234 G$T2CON$0$0 == 0x00c8
                    00C8    235 _T2CON	=	0x00c8
                    00CA    236 G$RCAP2L$0$0 == 0x00ca
                    00CA    237 _RCAP2L	=	0x00ca
                    00CB    238 G$RCAP2H$0$0 == 0x00cb
                    00CB    239 _RCAP2H	=	0x00cb
                    00CC    240 G$TL2$0$0 == 0x00cc
                    00CC    241 _TL2	=	0x00cc
                    00CD    242 G$TH2$0$0 == 0x00cd
                    00CD    243 _TH2	=	0x00cd
                    008E    244 G$AUXR$0$0 == 0x008e
                    008E    245 _AUXR	=	0x008e
                    00A2    246 G$AUXR1$0$0 == 0x00a2
                    00A2    247 _AUXR1	=	0x00a2
                    0097    248 G$CKRL$0$0 == 0x0097
                    0097    249 _CKRL	=	0x0097
                    00FA    250 G$CCAP0H$0$0 == 0x00fa
                    00FA    251 _CCAP0H	=	0x00fa
                    00FB    252 G$CCAP1H$0$0 == 0x00fb
                    00FB    253 _CCAP1H	=	0x00fb
                    00FC    254 G$CCAP2H$0$0 == 0x00fc
                    00FC    255 _CCAP2H	=	0x00fc
                    00FD    256 G$CCAP3H$0$0 == 0x00fd
                    00FD    257 _CCAP3H	=	0x00fd
                    00FE    258 G$CCAP4H$0$0 == 0x00fe
                    00FE    259 _CCAP4H	=	0x00fe
                    00EA    260 G$CCAP0L$0$0 == 0x00ea
                    00EA    261 _CCAP0L	=	0x00ea
                    00EB    262 G$CCAP1L$0$0 == 0x00eb
                    00EB    263 _CCAP1L	=	0x00eb
                    00EC    264 G$CCAP2L$0$0 == 0x00ec
                    00EC    265 _CCAP2L	=	0x00ec
                    00ED    266 G$CCAP3L$0$0 == 0x00ed
                    00ED    267 _CCAP3L	=	0x00ed
                    00EE    268 G$CCAP4L$0$0 == 0x00ee
                    00EE    269 _CCAP4L	=	0x00ee
                    00DA    270 G$CCAPM0$0$0 == 0x00da
                    00DA    271 _CCAPM0	=	0x00da
                    00DB    272 G$CCAPM1$0$0 == 0x00db
                    00DB    273 _CCAPM1	=	0x00db
                    00DC    274 G$CCAPM2$0$0 == 0x00dc
                    00DC    275 _CCAPM2	=	0x00dc
                    00DD    276 G$CCAPM3$0$0 == 0x00dd
                    00DD    277 _CCAPM3	=	0x00dd
                    00DE    278 G$CCAPM4$0$0 == 0x00de
                    00DE    279 _CCAPM4	=	0x00de
                    00D8    280 G$CCON$0$0 == 0x00d8
                    00D8    281 _CCON	=	0x00d8
                    00F9    282 G$CH$0$0 == 0x00f9
                    00F9    283 _CH	=	0x00f9
                    00E9    284 G$CL$0$0 == 0x00e9
                    00E9    285 _CL	=	0x00e9
                    00D9    286 G$CMOD$0$0 == 0x00d9
                    00D9    287 _CMOD	=	0x00d9
                    00A8    288 G$IEN0$0$0 == 0x00a8
                    00A8    289 _IEN0	=	0x00a8
                    00B1    290 G$IEN1$0$0 == 0x00b1
                    00B1    291 _IEN1	=	0x00b1
                    00B8    292 G$IPL0$0$0 == 0x00b8
                    00B8    293 _IPL0	=	0x00b8
                    00B7    294 G$IPH0$0$0 == 0x00b7
                    00B7    295 _IPH0	=	0x00b7
                    00B2    296 G$IPL1$0$0 == 0x00b2
                    00B2    297 _IPL1	=	0x00b2
                    00B3    298 G$IPH1$0$0 == 0x00b3
                    00B3    299 _IPH1	=	0x00b3
                    00C0    300 G$P4$0$0 == 0x00c0
                    00C0    301 _P4	=	0x00c0
                    00E8    302 G$P5$0$0 == 0x00e8
                    00E8    303 _P5	=	0x00e8
                    00A6    304 G$WDTRST$0$0 == 0x00a6
                    00A6    305 _WDTRST	=	0x00a6
                    00A7    306 G$WDTPRG$0$0 == 0x00a7
                    00A7    307 _WDTPRG	=	0x00a7
                    00A9    308 G$SADDR$0$0 == 0x00a9
                    00A9    309 _SADDR	=	0x00a9
                    00B9    310 G$SADEN$0$0 == 0x00b9
                    00B9    311 _SADEN	=	0x00b9
                    00C3    312 G$SPCON$0$0 == 0x00c3
                    00C3    313 _SPCON	=	0x00c3
                    00C4    314 G$SPSTA$0$0 == 0x00c4
                    00C4    315 _SPSTA	=	0x00c4
                    00C5    316 G$SPDAT$0$0 == 0x00c5
                    00C5    317 _SPDAT	=	0x00c5
                    00C9    318 G$T2MOD$0$0 == 0x00c9
                    00C9    319 _T2MOD	=	0x00c9
                    009B    320 G$BDRCON$0$0 == 0x009b
                    009B    321 _BDRCON	=	0x009b
                    009A    322 G$BRL$0$0 == 0x009a
                    009A    323 _BRL	=	0x009a
                    009C    324 G$KBLS$0$0 == 0x009c
                    009C    325 _KBLS	=	0x009c
                    009D    326 G$KBE$0$0 == 0x009d
                    009D    327 _KBE	=	0x009d
                    009E    328 G$KBF$0$0 == 0x009e
                    009E    329 _KBF	=	0x009e
                    00D2    330 G$EECON$0$0 == 0x00d2
                    00D2    331 _EECON	=	0x00d2
                    00E0    332 G$ACC$0$0 == 0x00e0
                    00E0    333 _ACC	=	0x00e0
                    00F0    334 G$B$0$0 == 0x00f0
                    00F0    335 _B	=	0x00f0
                    0083    336 G$DPH$0$0 == 0x0083
                    0083    337 _DPH	=	0x0083
                    0083    338 G$DP0H$0$0 == 0x0083
                    0083    339 _DP0H	=	0x0083
                    0082    340 G$DPL$0$0 == 0x0082
                    0082    341 _DPL	=	0x0082
                    0082    342 G$DP0L$0$0 == 0x0082
                    0082    343 _DP0L	=	0x0082
                    00A8    344 G$IE$0$0 == 0x00a8
                    00A8    345 _IE	=	0x00a8
                    00B8    346 G$IP$0$0 == 0x00b8
                    00B8    347 _IP	=	0x00b8
                    0080    348 G$P0$0$0 == 0x0080
                    0080    349 _P0	=	0x0080
                    0090    350 G$P1$0$0 == 0x0090
                    0090    351 _P1	=	0x0090
                    00A0    352 G$P2$0$0 == 0x00a0
                    00A0    353 _P2	=	0x00a0
                    00B0    354 G$P3$0$0 == 0x00b0
                    00B0    355 _P3	=	0x00b0
                    0087    356 G$PCON$0$0 == 0x0087
                    0087    357 _PCON	=	0x0087
                    00D0    358 G$PSW$0$0 == 0x00d0
                    00D0    359 _PSW	=	0x00d0
                    0099    360 G$SBUF$0$0 == 0x0099
                    0099    361 _SBUF	=	0x0099
                    0099    362 G$SBUF0$0$0 == 0x0099
                    0099    363 _SBUF0	=	0x0099
                    0098    364 G$SCON$0$0 == 0x0098
                    0098    365 _SCON	=	0x0098
                    0081    366 G$SP$0$0 == 0x0081
                    0081    367 _SP	=	0x0081
                    0088    368 G$TCON$0$0 == 0x0088
                    0088    369 _TCON	=	0x0088
                    008C    370 G$TH0$0$0 == 0x008c
                    008C    371 _TH0	=	0x008c
                    008D    372 G$TH1$0$0 == 0x008d
                    008D    373 _TH1	=	0x008d
                    008A    374 G$TL0$0$0 == 0x008a
                    008A    375 _TL0	=	0x008a
                    008B    376 G$TL1$0$0 == 0x008b
                    008B    377 _TL1	=	0x008b
                    0089    378 G$TMOD$0$0 == 0x0089
                    0089    379 _TMOD	=	0x0089
                            380 ;--------------------------------------------------------
                            381 ; special function bits
                            382 ;--------------------------------------------------------
                            383 	.area RSEG    (DATA)
                    00AD    384 G$ET2$0$0 == 0x00ad
                    00AD    385 _ET2	=	0x00ad
                    00BD    386 G$PT2$0$0 == 0x00bd
                    00BD    387 _PT2	=	0x00bd
                    00C8    388 G$T2CON_0$0$0 == 0x00c8
                    00C8    389 _T2CON_0	=	0x00c8
                    00C9    390 G$T2CON_1$0$0 == 0x00c9
                    00C9    391 _T2CON_1	=	0x00c9
                    00CA    392 G$T2CON_2$0$0 == 0x00ca
                    00CA    393 _T2CON_2	=	0x00ca
                    00CB    394 G$T2CON_3$0$0 == 0x00cb
                    00CB    395 _T2CON_3	=	0x00cb
                    00CC    396 G$T2CON_4$0$0 == 0x00cc
                    00CC    397 _T2CON_4	=	0x00cc
                    00CD    398 G$T2CON_5$0$0 == 0x00cd
                    00CD    399 _T2CON_5	=	0x00cd
                    00CE    400 G$T2CON_6$0$0 == 0x00ce
                    00CE    401 _T2CON_6	=	0x00ce
                    00CF    402 G$T2CON_7$0$0 == 0x00cf
                    00CF    403 _T2CON_7	=	0x00cf
                    00C8    404 G$CP_RL2$0$0 == 0x00c8
                    00C8    405 _CP_RL2	=	0x00c8
                    00C9    406 G$C_T2$0$0 == 0x00c9
                    00C9    407 _C_T2	=	0x00c9
                    00CA    408 G$TR2$0$0 == 0x00ca
                    00CA    409 _TR2	=	0x00ca
                    00CB    410 G$EXEN2$0$0 == 0x00cb
                    00CB    411 _EXEN2	=	0x00cb
                    00CC    412 G$TCLK$0$0 == 0x00cc
                    00CC    413 _TCLK	=	0x00cc
                    00CD    414 G$RCLK$0$0 == 0x00cd
                    00CD    415 _RCLK	=	0x00cd
                    00CE    416 G$EXF2$0$0 == 0x00ce
                    00CE    417 _EXF2	=	0x00ce
                    00CF    418 G$TF2$0$0 == 0x00cf
                    00CF    419 _TF2	=	0x00cf
                    00DF    420 G$CF$0$0 == 0x00df
                    00DF    421 _CF	=	0x00df
                    00DE    422 G$CR$0$0 == 0x00de
                    00DE    423 _CR	=	0x00de
                    00DC    424 G$CCF4$0$0 == 0x00dc
                    00DC    425 _CCF4	=	0x00dc
                    00DB    426 G$CCF3$0$0 == 0x00db
                    00DB    427 _CCF3	=	0x00db
                    00DA    428 G$CCF2$0$0 == 0x00da
                    00DA    429 _CCF2	=	0x00da
                    00D9    430 G$CCF1$0$0 == 0x00d9
                    00D9    431 _CCF1	=	0x00d9
                    00D8    432 G$CCF0$0$0 == 0x00d8
                    00D8    433 _CCF0	=	0x00d8
                    00AE    434 G$EC$0$0 == 0x00ae
                    00AE    435 _EC	=	0x00ae
                    00BE    436 G$PPCL$0$0 == 0x00be
                    00BE    437 _PPCL	=	0x00be
                    00BD    438 G$PT2L$0$0 == 0x00bd
                    00BD    439 _PT2L	=	0x00bd
                    00BC    440 G$PLS$0$0 == 0x00bc
                    00BC    441 _PLS	=	0x00bc
                    00BB    442 G$PT1L$0$0 == 0x00bb
                    00BB    443 _PT1L	=	0x00bb
                    00BA    444 G$PX1L$0$0 == 0x00ba
                    00BA    445 _PX1L	=	0x00ba
                    00B9    446 G$PT0L$0$0 == 0x00b9
                    00B9    447 _PT0L	=	0x00b9
                    00B8    448 G$PX0L$0$0 == 0x00b8
                    00B8    449 _PX0L	=	0x00b8
                    00C0    450 G$P4_0$0$0 == 0x00c0
                    00C0    451 _P4_0	=	0x00c0
                    00C1    452 G$P4_1$0$0 == 0x00c1
                    00C1    453 _P4_1	=	0x00c1
                    00C2    454 G$P4_2$0$0 == 0x00c2
                    00C2    455 _P4_2	=	0x00c2
                    00C3    456 G$P4_3$0$0 == 0x00c3
                    00C3    457 _P4_3	=	0x00c3
                    00C4    458 G$P4_4$0$0 == 0x00c4
                    00C4    459 _P4_4	=	0x00c4
                    00C5    460 G$P4_5$0$0 == 0x00c5
                    00C5    461 _P4_5	=	0x00c5
                    00C6    462 G$P4_6$0$0 == 0x00c6
                    00C6    463 _P4_6	=	0x00c6
                    00C7    464 G$P4_7$0$0 == 0x00c7
                    00C7    465 _P4_7	=	0x00c7
                    00E8    466 G$P5_0$0$0 == 0x00e8
                    00E8    467 _P5_0	=	0x00e8
                    00E9    468 G$P5_1$0$0 == 0x00e9
                    00E9    469 _P5_1	=	0x00e9
                    00EA    470 G$P5_2$0$0 == 0x00ea
                    00EA    471 _P5_2	=	0x00ea
                    00EB    472 G$P5_3$0$0 == 0x00eb
                    00EB    473 _P5_3	=	0x00eb
                    00EC    474 G$P5_4$0$0 == 0x00ec
                    00EC    475 _P5_4	=	0x00ec
                    00ED    476 G$P5_5$0$0 == 0x00ed
                    00ED    477 _P5_5	=	0x00ed
                    00EE    478 G$P5_6$0$0 == 0x00ee
                    00EE    479 _P5_6	=	0x00ee
                    00EF    480 G$P5_7$0$0 == 0x00ef
                    00EF    481 _P5_7	=	0x00ef
                    00F0    482 G$BREG_F0$0$0 == 0x00f0
                    00F0    483 _BREG_F0	=	0x00f0
                    00F1    484 G$BREG_F1$0$0 == 0x00f1
                    00F1    485 _BREG_F1	=	0x00f1
                    00F2    486 G$BREG_F2$0$0 == 0x00f2
                    00F2    487 _BREG_F2	=	0x00f2
                    00F3    488 G$BREG_F3$0$0 == 0x00f3
                    00F3    489 _BREG_F3	=	0x00f3
                    00F4    490 G$BREG_F4$0$0 == 0x00f4
                    00F4    491 _BREG_F4	=	0x00f4
                    00F5    492 G$BREG_F5$0$0 == 0x00f5
                    00F5    493 _BREG_F5	=	0x00f5
                    00F6    494 G$BREG_F6$0$0 == 0x00f6
                    00F6    495 _BREG_F6	=	0x00f6
                    00F7    496 G$BREG_F7$0$0 == 0x00f7
                    00F7    497 _BREG_F7	=	0x00f7
                    00A8    498 G$EX0$0$0 == 0x00a8
                    00A8    499 _EX0	=	0x00a8
                    00A9    500 G$ET0$0$0 == 0x00a9
                    00A9    501 _ET0	=	0x00a9
                    00AA    502 G$EX1$0$0 == 0x00aa
                    00AA    503 _EX1	=	0x00aa
                    00AB    504 G$ET1$0$0 == 0x00ab
                    00AB    505 _ET1	=	0x00ab
                    00AC    506 G$ES$0$0 == 0x00ac
                    00AC    507 _ES	=	0x00ac
                    00AF    508 G$EA$0$0 == 0x00af
                    00AF    509 _EA	=	0x00af
                    00B8    510 G$PX0$0$0 == 0x00b8
                    00B8    511 _PX0	=	0x00b8
                    00B9    512 G$PT0$0$0 == 0x00b9
                    00B9    513 _PT0	=	0x00b9
                    00BA    514 G$PX1$0$0 == 0x00ba
                    00BA    515 _PX1	=	0x00ba
                    00BB    516 G$PT1$0$0 == 0x00bb
                    00BB    517 _PT1	=	0x00bb
                    00BC    518 G$PS$0$0 == 0x00bc
                    00BC    519 _PS	=	0x00bc
                    0080    520 G$P0_0$0$0 == 0x0080
                    0080    521 _P0_0	=	0x0080
                    0081    522 G$P0_1$0$0 == 0x0081
                    0081    523 _P0_1	=	0x0081
                    0082    524 G$P0_2$0$0 == 0x0082
                    0082    525 _P0_2	=	0x0082
                    0083    526 G$P0_3$0$0 == 0x0083
                    0083    527 _P0_3	=	0x0083
                    0084    528 G$P0_4$0$0 == 0x0084
                    0084    529 _P0_4	=	0x0084
                    0085    530 G$P0_5$0$0 == 0x0085
                    0085    531 _P0_5	=	0x0085
                    0086    532 G$P0_6$0$0 == 0x0086
                    0086    533 _P0_6	=	0x0086
                    0087    534 G$P0_7$0$0 == 0x0087
                    0087    535 _P0_7	=	0x0087
                    0090    536 G$P1_0$0$0 == 0x0090
                    0090    537 _P1_0	=	0x0090
                    0091    538 G$P1_1$0$0 == 0x0091
                    0091    539 _P1_1	=	0x0091
                    0092    540 G$P1_2$0$0 == 0x0092
                    0092    541 _P1_2	=	0x0092
                    0093    542 G$P1_3$0$0 == 0x0093
                    0093    543 _P1_3	=	0x0093
                    0094    544 G$P1_4$0$0 == 0x0094
                    0094    545 _P1_4	=	0x0094
                    0095    546 G$P1_5$0$0 == 0x0095
                    0095    547 _P1_5	=	0x0095
                    0096    548 G$P1_6$0$0 == 0x0096
                    0096    549 _P1_6	=	0x0096
                    0097    550 G$P1_7$0$0 == 0x0097
                    0097    551 _P1_7	=	0x0097
                    00A0    552 G$P2_0$0$0 == 0x00a0
                    00A0    553 _P2_0	=	0x00a0
                    00A1    554 G$P2_1$0$0 == 0x00a1
                    00A1    555 _P2_1	=	0x00a1
                    00A2    556 G$P2_2$0$0 == 0x00a2
                    00A2    557 _P2_2	=	0x00a2
                    00A3    558 G$P2_3$0$0 == 0x00a3
                    00A3    559 _P2_3	=	0x00a3
                    00A4    560 G$P2_4$0$0 == 0x00a4
                    00A4    561 _P2_4	=	0x00a4
                    00A5    562 G$P2_5$0$0 == 0x00a5
                    00A5    563 _P2_5	=	0x00a5
                    00A6    564 G$P2_6$0$0 == 0x00a6
                    00A6    565 _P2_6	=	0x00a6
                    00A7    566 G$P2_7$0$0 == 0x00a7
                    00A7    567 _P2_7	=	0x00a7
                    00B0    568 G$P3_0$0$0 == 0x00b0
                    00B0    569 _P3_0	=	0x00b0
                    00B1    570 G$P3_1$0$0 == 0x00b1
                    00B1    571 _P3_1	=	0x00b1
                    00B2    572 G$P3_2$0$0 == 0x00b2
                    00B2    573 _P3_2	=	0x00b2
                    00B3    574 G$P3_3$0$0 == 0x00b3
                    00B3    575 _P3_3	=	0x00b3
                    00B4    576 G$P3_4$0$0 == 0x00b4
                    00B4    577 _P3_4	=	0x00b4
                    00B5    578 G$P3_5$0$0 == 0x00b5
                    00B5    579 _P3_5	=	0x00b5
                    00B6    580 G$P3_6$0$0 == 0x00b6
                    00B6    581 _P3_6	=	0x00b6
                    00B7    582 G$P3_7$0$0 == 0x00b7
                    00B7    583 _P3_7	=	0x00b7
                    00B0    584 G$RXD$0$0 == 0x00b0
                    00B0    585 _RXD	=	0x00b0
                    00B0    586 G$RXD0$0$0 == 0x00b0
                    00B0    587 _RXD0	=	0x00b0
                    00B1    588 G$TXD$0$0 == 0x00b1
                    00B1    589 _TXD	=	0x00b1
                    00B1    590 G$TXD0$0$0 == 0x00b1
                    00B1    591 _TXD0	=	0x00b1
                    00B2    592 G$INT0$0$0 == 0x00b2
                    00B2    593 _INT0	=	0x00b2
                    00B3    594 G$INT1$0$0 == 0x00b3
                    00B3    595 _INT1	=	0x00b3
                    00B4    596 G$T0$0$0 == 0x00b4
                    00B4    597 _T0	=	0x00b4
                    00B5    598 G$T1$0$0 == 0x00b5
                    00B5    599 _T1	=	0x00b5
                    00B6    600 G$WR$0$0 == 0x00b6
                    00B6    601 _WR	=	0x00b6
                    00B7    602 G$RD$0$0 == 0x00b7
                    00B7    603 _RD	=	0x00b7
                    00D0    604 G$P$0$0 == 0x00d0
                    00D0    605 _P	=	0x00d0
                    00D1    606 G$F1$0$0 == 0x00d1
                    00D1    607 _F1	=	0x00d1
                    00D2    608 G$OV$0$0 == 0x00d2
                    00D2    609 _OV	=	0x00d2
                    00D3    610 G$RS0$0$0 == 0x00d3
                    00D3    611 _RS0	=	0x00d3
                    00D4    612 G$RS1$0$0 == 0x00d4
                    00D4    613 _RS1	=	0x00d4
                    00D5    614 G$F0$0$0 == 0x00d5
                    00D5    615 _F0	=	0x00d5
                    00D6    616 G$AC$0$0 == 0x00d6
                    00D6    617 _AC	=	0x00d6
                    00D7    618 G$CY$0$0 == 0x00d7
                    00D7    619 _CY	=	0x00d7
                    0098    620 G$RI$0$0 == 0x0098
                    0098    621 _RI	=	0x0098
                    0099    622 G$TI$0$0 == 0x0099
                    0099    623 _TI	=	0x0099
                    009A    624 G$RB8$0$0 == 0x009a
                    009A    625 _RB8	=	0x009a
                    009B    626 G$TB8$0$0 == 0x009b
                    009B    627 _TB8	=	0x009b
                    009C    628 G$REN$0$0 == 0x009c
                    009C    629 _REN	=	0x009c
                    009D    630 G$SM2$0$0 == 0x009d
                    009D    631 _SM2	=	0x009d
                    009E    632 G$SM1$0$0 == 0x009e
                    009E    633 _SM1	=	0x009e
                    009F    634 G$SM0$0$0 == 0x009f
                    009F    635 _SM0	=	0x009f
                    0088    636 G$IT0$0$0 == 0x0088
                    0088    637 _IT0	=	0x0088
                    0089    638 G$IE0$0$0 == 0x0089
                    0089    639 _IE0	=	0x0089
                    008A    640 G$IT1$0$0 == 0x008a
                    008A    641 _IT1	=	0x008a
                    008B    642 G$IE1$0$0 == 0x008b
                    008B    643 _IE1	=	0x008b
                    008C    644 G$TR0$0$0 == 0x008c
                    008C    645 _TR0	=	0x008c
                    008D    646 G$TF0$0$0 == 0x008d
                    008D    647 _TF0	=	0x008d
                    008E    648 G$TR1$0$0 == 0x008e
                    008E    649 _TR1	=	0x008e
                    008F    650 G$TF1$0$0 == 0x008f
                    008F    651 _TF1	=	0x008f
                            652 ;--------------------------------------------------------
                            653 ; overlayable register banks
                            654 ;--------------------------------------------------------
                            655 	.area REG_BANK_0	(REL,OVR,DATA)
   0000                     656 	.ds 8
                            657 ;--------------------------------------------------------
                            658 ; internal ram data
                            659 ;--------------------------------------------------------
                            660 	.area DSEG    (DATA)
                    0000    661 Lrtc_diplay$sloc0$1$0==.
   0000                     662 _rtc_diplay_sloc0_1_0:
   0000                     663 	.ds 1
                    0001    664 Lrtc_diplay$sloc1$1$0==.
   0001                     665 _rtc_diplay_sloc1_1_0:
   0001                     666 	.ds 1
                            667 ;--------------------------------------------------------
                            668 ; overlayable items in internal ram 
                            669 ;--------------------------------------------------------
                            670 	.area OSEG    (OVR,DATA)
                            671 ;--------------------------------------------------------
                            672 ; indirectly addressable internal ram data
                            673 ;--------------------------------------------------------
                            674 	.area ISEG    (DATA)
                            675 ;--------------------------------------------------------
                            676 ; bit data
                            677 ;--------------------------------------------------------
                            678 	.area BSEG    (BIT)
                            679 ;--------------------------------------------------------
                            680 ; paged external ram data
                            681 ;--------------------------------------------------------
                            682 	.area PSEG    (PAG,XDATA)
                            683 ;--------------------------------------------------------
                            684 ; external ram data
                            685 ;--------------------------------------------------------
                            686 	.area XSEG    (XDATA)
                    0000    687 G$loop$0$0==.
   0000                     688 _loop::
   0000                     689 	.ds 1
                    0001    690 G$lcd_current_column$0$0==.
   0001                     691 _lcd_current_column::
   0001                     692 	.ds 1
                    0002    693 G$lcd_current_row$0$0==.
   0002                     694 _lcd_current_row::
   0002                     695 	.ds 1
                    0003    696 G$timer_on_off_flag$0$0==.
   0003                     697 _timer_on_off_flag::
   0003                     698 	.ds 1
                    0004    699 G$time$0$0==.
   0004                     700 _time::
   0004                     701 	.ds 4
                    0008    702 Lrtc_interrupt_handler$counter$1$1==.
   0008                     703 _rtc_interrupt_handler_counter_1_1:
   0008                     704 	.ds 2
                    000A    705 Lrtc_diplay$tenth_of_second$1$1==.
   000A                     706 _rtc_diplay_tenth_of_second_1_1:
   000A                     707 	.ds 1
                    000B    708 Lrtc_diplay$seconds$1$1==.
   000B                     709 _rtc_diplay_seconds_1_1:
   000B                     710 	.ds 1
                    000C    711 Lrtc_diplay$minutes$1$1==.
   000C                     712 _rtc_diplay_minutes_1_1:
   000C                     713 	.ds 1
                    000D    714 Lrtc_diplay$prev_seconds$1$1==.
   000D                     715 _rtc_diplay_prev_seconds_1_1:
   000D                     716 	.ds 1
                    000E    717 Lrtc_diplay$prev_minutes$1$1==.
   000E                     718 _rtc_diplay_prev_minutes_1_1:
   000E                     719 	.ds 1
                            720 ;--------------------------------------------------------
                            721 ; external initialized ram data
                            722 ;--------------------------------------------------------
                            723 	.area XISEG   (XDATA)
                            724 	.area HOME    (CODE)
                            725 	.area GSINIT0 (CODE)
                            726 	.area GSINIT1 (CODE)
                            727 	.area GSINIT2 (CODE)
                            728 	.area GSINIT3 (CODE)
                            729 	.area GSINIT4 (CODE)
                            730 	.area GSINIT5 (CODE)
                            731 	.area GSINIT  (CODE)
                            732 	.area GSFINAL (CODE)
                            733 	.area CSEG    (CODE)
                            734 ;--------------------------------------------------------
                            735 ; global & static initialisations
                            736 ;--------------------------------------------------------
                            737 	.area HOME    (CODE)
                            738 	.area GSINIT  (CODE)
                            739 	.area GSFINAL (CODE)
                            740 	.area GSINIT  (CODE)
                            741 ;------------------------------------------------------------
                            742 ;Allocation info for local variables in function 'rtc_interrupt_handler'
                            743 ;------------------------------------------------------------
                            744 ;data_byte                 Allocated with name '_rtc_interrupt_handler_data_byte_1_1'
                            745 ;counter                   Allocated with name '_rtc_interrupt_handler_counter_1_1'
                            746 ;------------------------------------------------------------
                    0000    747 	G$rtc_interrupt_handler$0$0 ==.
                    0000    748 	C$rtc.c$18$1$1 ==.
                            749 ;	rtc.c:18: __xdata static uint16_t counter = 0;
                            750 ;	genAssign
   0000 90s00r08            751 	mov	dptr,#_rtc_interrupt_handler_counter_1_1
   0003 E4                  752 	clr	a
   0004 F0                  753 	movx	@dptr,a
   0005 A3                  754 	inc	dptr
   0006 F0                  755 	movx	@dptr,a
                            756 ;------------------------------------------------------------
                            757 ;Allocation info for local variables in function 'rtc_diplay'
                            758 ;------------------------------------------------------------
                            759 ;sloc0                     Allocated with name '_rtc_diplay_sloc0_1_0'
                            760 ;sloc1                     Allocated with name '_rtc_diplay_sloc1_1_0'
                            761 ;tenth_of_second           Allocated with name '_rtc_diplay_tenth_of_second_1_1'
                            762 ;seconds                   Allocated with name '_rtc_diplay_seconds_1_1'
                            763 ;minutes                   Allocated with name '_rtc_diplay_minutes_1_1'
                            764 ;temp_row                  Allocated with name '_rtc_diplay_temp_row_1_1'
                            765 ;temp_column               Allocated with name '_rtc_diplay_temp_column_1_1'
                            766 ;prev_seconds              Allocated with name '_rtc_diplay_prev_seconds_1_1'
                            767 ;prev_minutes              Allocated with name '_rtc_diplay_prev_minutes_1_1'
                            768 ;------------------------------------------------------------
                    0007    769 	G$rtc_diplay$0$0 ==.
                    0007    770 	C$rtc.c$68$1$1 ==.
                            771 ;	rtc.c:68: __xdata uint8_t static prev_seconds = 0, prev_minutes=0;
                            772 ;	genAssign
   0007 90s00r0D            773 	mov	dptr,#_rtc_diplay_prev_seconds_1_1
                            774 ;	Peephole 181	changed mov to clr
                            775 ;	genAssign
                            776 ;	Peephole 181	changed mov to clr
                            777 ;	Peephole 219.a	removed redundant clear
   000A E4                  778 	clr	a
   000B F0                  779 	movx	@dptr,a
   000C 90s00r0E            780 	mov	dptr,#_rtc_diplay_prev_minutes_1_1
   000F F0                  781 	movx	@dptr,a
                            782 ;--------------------------------------------------------
                            783 ; Home
                            784 ;--------------------------------------------------------
                            785 	.area HOME    (CODE)
                            786 	.area CSEG    (CODE)
                            787 ;--------------------------------------------------------
                            788 ; code
                            789 ;--------------------------------------------------------
                            790 	.area CSEG    (CODE)
                            791 ;------------------------------------------------------------
                            792 ;Allocation info for local variables in function 'rtc_interrupt_handler'
                            793 ;------------------------------------------------------------
                            794 ;data_byte                 Allocated with name '_rtc_interrupt_handler_data_byte_1_1'
                            795 ;counter                   Allocated with name '_rtc_interrupt_handler_counter_1_1'
                            796 ;------------------------------------------------------------
                    0000    797 	G$rtc_interrupt_handler$0$0 ==.
                    0000    798 	C$rtc.c$15$0$0 ==.
                            799 ;	rtc.c:15: void rtc_interrupt_handler(void) interrupt 1
                            800 ;	-----------------------------------------
                            801 ;	 function rtc_interrupt_handler
                            802 ;	-----------------------------------------
   0000                     803 _rtc_interrupt_handler:
                    0002    804 	ar2 = 0x02
                    0003    805 	ar3 = 0x03
                    0004    806 	ar4 = 0x04
                    0005    807 	ar5 = 0x05
                    0006    808 	ar6 = 0x06
                    0007    809 	ar7 = 0x07
                    0000    810 	ar0 = 0x00
                    0001    811 	ar1 = 0x01
   0000 C0 E0               812 	push	acc
   0002 C0 F0               813 	push	b
   0004 C0 82               814 	push	dpl
   0006 C0 83               815 	push	dph
   0008 C0 02               816 	push	(0+2)
   000A C0 03               817 	push	(0+3)
   000C C0 04               818 	push	(0+4)
   000E C0 05               819 	push	(0+5)
   0010 C0 06               820 	push	(0+6)
   0012 C0 07               821 	push	(0+7)
   0014 C0 00               822 	push	(0+0)
   0016 C0 01               823 	push	(0+1)
   0018 C0 D0               824 	push	psw
   001A 75 D0 00            825 	mov	psw,#0x00
                    001D    826 	C$rtc.c$19$1$1 ==.
                            827 ;	rtc.c:19: TR0 = 0;
                            828 ;	genAssign
   001D C2 8C               829 	clr	_TR0
                    001F    830 	C$rtc.c$20$1$1 ==.
                            831 ;	rtc.c:20: TF0 = 0;
                            832 ;	genAssign
   001F C2 8D               833 	clr	_TF0
                    0021    834 	C$rtc.c$21$1$1 ==.
                            835 ;	rtc.c:21: TL0 = timer_0_low;
                            836 ;	genAssign
   0021 75 8A EF            837 	mov	_TL0,#0xEF
                    0024    838 	C$rtc.c$22$1$1 ==.
                            839 ;	rtc.c:22: TH0 = timer_0_high;
                            840 ;	genAssign
   0024 75 8C 73            841 	mov	_TH0,#0x73
                    0027    842 	C$rtc.c$23$1$1 ==.
                            843 ;	rtc.c:23: if(counter == 1)
                            844 ;	genAssign
   0027 90s00r08            845 	mov	dptr,#_rtc_interrupt_handler_counter_1_1
   002A E0                  846 	movx	a,@dptr
   002B FA                  847 	mov	r2,a
   002C A3                  848 	inc	dptr
   002D E0                  849 	movx	a,@dptr
   002E FB                  850 	mov	r3,a
                            851 ;	genCmpEq
                            852 ;	gencjneshort
                            853 ;	Peephole 112.b	changed ljmp to sjmp
                            854 ;	Peephole 198.a	optimized misc jump sequence
   002F BA 01 47            855 	cjne	r2,#0x01,00104$
   0032 BB 00 44            856 	cjne	r3,#0x00,00104$
                            857 ;	Peephole 200.b	removed redundant sjmp
                            858 ;	Peephole 300	removed redundant label 00110$
                            859 ;	Peephole 300	removed redundant label 00111$
                    0035    860 	C$rtc.c$25$2$2 ==.
                            861 ;	rtc.c:25: time++;
                            862 ;	genAssign
   0035 90s00r04            863 	mov	dptr,#_time
   0038 E0                  864 	movx	a,@dptr
   0039 FC                  865 	mov	r4,a
   003A A3                  866 	inc	dptr
   003B E0                  867 	movx	a,@dptr
   003C FD                  868 	mov	r5,a
   003D A3                  869 	inc	dptr
   003E E0                  870 	movx	a,@dptr
   003F FE                  871 	mov	r6,a
   0040 A3                  872 	inc	dptr
   0041 E0                  873 	movx	a,@dptr
   0042 FF                  874 	mov	r7,a
                            875 ;	genPlus
   0043 90s00r04            876 	mov	dptr,#_time
                            877 ;     genPlusIncr
   0046 74 01               878 	mov	a,#0x01
                            879 ;	Peephole 236.a	used r4 instead of ar4
   0048 2C                  880 	add	a,r4
   0049 F0                  881 	movx	@dptr,a
                            882 ;	Peephole 181	changed mov to clr
   004A E4                  883 	clr	a
                            884 ;	Peephole 236.b	used r5 instead of ar5
   004B 3D                  885 	addc	a,r5
   004C A3                  886 	inc	dptr
   004D F0                  887 	movx	@dptr,a
                            888 ;	Peephole 181	changed mov to clr
   004E E4                  889 	clr	a
                            890 ;	Peephole 236.b	used r6 instead of ar6
   004F 3E                  891 	addc	a,r6
   0050 A3                  892 	inc	dptr
   0051 F0                  893 	movx	@dptr,a
                            894 ;	Peephole 181	changed mov to clr
   0052 E4                  895 	clr	a
                            896 ;	Peephole 236.b	used r7 instead of ar7
   0053 3F                  897 	addc	a,r7
   0054 A3                  898 	inc	dptr
   0055 F0                  899 	movx	@dptr,a
                    0056    900 	C$rtc.c$26$2$2 ==.
                            901 ;	rtc.c:26: led ^= 1;
                            902 ;	genXor
   0056 B2 90               903 	cpl	_P1_0
                    0058    904 	C$rtc.c$27$2$2 ==.
                            905 ;	rtc.c:27: rtc_diplay();
                            906 ;	genCall
   0058 12s00rB5            907 	lcall	_rtc_diplay
                    005B    908 	C$rtc.c$28$2$2 ==.
                            909 ;	rtc.c:28: counter = 0;
                            910 ;	genAssign
   005B 90s00r08            911 	mov	dptr,#_rtc_interrupt_handler_counter_1_1
   005E E4                  912 	clr	a
   005F F0                  913 	movx	@dptr,a
   0060 A3                  914 	inc	dptr
   0061 F0                  915 	movx	@dptr,a
                    0062    916 	C$rtc.c$29$2$2 ==.
                            917 ;	rtc.c:29: data_byte = i2c_io_expander_read();
                            918 ;	genCall
   0062 12s00r00            919 	lcall	_i2c_io_expander_read
                    0065    920 	C$rtc.c$30$2$2 ==.
                            921 ;	rtc.c:30: if(!(data_byte&io_expander_value_check))
                            922 ;	genAnd
                            923 ;	peephole 177.g	optimized mov sequence
   0065 E5 82               924 	mov	a,dpl
   0067 FC                  925 	mov	r4,a
                            926 ;	genIfxJump
                            927 ;	Peephole 108.e	removed ljmp by inverse jump logic
   0068 20 E7 19            928 	jb	acc.7,00105$
                            929 ;	Peephole 300	removed redundant label 00112$
                    006B    930 	C$rtc.c$32$3$3 ==.
                            931 ;	rtc.c:32: data_byte =(0xFF - data_byte);
                            932 ;	genMinus
   006B 74 FF               933 	mov	a,#0xFF
   006D C3                  934 	clr	c
                            935 ;	Peephole 236.l	used r4 instead of ar4
   006E 9C                  936 	subb	a,r4
                    006F    937 	C$rtc.c$33$3$3 ==.
                            938 ;	rtc.c:33: i2c_io_expander_write(io_expander_value_check|data_byte);
                            939 ;	genOr
   006F 44 80               940 	orl	a,#0x80
                            941 ;	genCall
   0071 FC                  942 	mov	r4,a
                            943 ;	Peephole 244.c	loading dpl from a instead of r4
   0072 F5 82               944 	mov	dpl,a
   0074 12s00r00            945 	lcall	_i2c_io_expander_write
                            946 ;	Peephole 112.b	changed ljmp to sjmp
   0077 80 0B               947 	sjmp	00105$
   0079                     948 00104$:
                    0079    949 	C$rtc.c$38$2$4 ==.
                            950 ;	rtc.c:38: counter++;
                            951 ;	genPlus
   0079 90s00r08            952 	mov	dptr,#_rtc_interrupt_handler_counter_1_1
                            953 ;     genPlusIncr
   007C 74 01               954 	mov	a,#0x01
                            955 ;	Peephole 236.a	used r2 instead of ar2
   007E 2A                  956 	add	a,r2
   007F F0                  957 	movx	@dptr,a
                            958 ;	Peephole 181	changed mov to clr
   0080 E4                  959 	clr	a
                            960 ;	Peephole 236.b	used r3 instead of ar3
   0081 3B                  961 	addc	a,r3
   0082 A3                  962 	inc	dptr
   0083 F0                  963 	movx	@dptr,a
   0084                     964 00105$:
                    0084    965 	C$rtc.c$40$1$1 ==.
                            966 ;	rtc.c:40: TR0 = 1;
                            967 ;	genAssign
   0084 D2 8C               968 	setb	_TR0
                            969 ;	Peephole 300	removed redundant label 00106$
   0086 D0 D0               970 	pop	psw
   0088 D0 01               971 	pop	(0+1)
   008A D0 00               972 	pop	(0+0)
   008C D0 07               973 	pop	(0+7)
   008E D0 06               974 	pop	(0+6)
   0090 D0 05               975 	pop	(0+5)
   0092 D0 04               976 	pop	(0+4)
   0094 D0 03               977 	pop	(0+3)
   0096 D0 02               978 	pop	(0+2)
   0098 D0 83               979 	pop	dph
   009A D0 82               980 	pop	dpl
   009C D0 F0               981 	pop	b
   009E D0 E0               982 	pop	acc
                    00A0    983 	C$rtc.c$41$1$1 ==.
                    00A0    984 	XG$rtc_interrupt_handler$0$0 ==.
   00A0 32                  985 	reti
                            986 ;------------------------------------------------------------
                            987 ;Allocation info for local variables in function 'rtc_init'
                            988 ;------------------------------------------------------------
                            989 ;------------------------------------------------------------
                    00A1    990 	G$rtc_init$0$0 ==.
                    00A1    991 	C$rtc.c$47$1$1 ==.
                            992 ;	rtc.c:47: void rtc_init(void)
                            993 ;	-----------------------------------------
                            994 ;	 function rtc_init
                            995 ;	-----------------------------------------
   00A1                     996 _rtc_init:
                    00A1    997 	C$rtc.c$49$1$1 ==.
                            998 ;	rtc.c:49: IEN0 |= 0x82;
                            999 ;	genOr
   00A1 43 A8 82           1000 	orl	_IEN0,#0x82
                    00A4   1001 	C$rtc.c$50$1$1 ==.
                           1002 ;	rtc.c:50: TMOD |= 0x01;
                           1003 ;	genOr
   00A4 43 89 01           1004 	orl	_TMOD,#0x01
                    00A7   1005 	C$rtc.c$51$1$1 ==.
                           1006 ;	rtc.c:51: TMOD &= 0xF1;
                           1007 ;	genAnd
   00A7 53 89 F1           1008 	anl	_TMOD,#0xF1
                    00AA   1009 	C$rtc.c$52$1$1 ==.
                           1010 ;	rtc.c:52: TL0 = timer_0_low;
                           1011 ;	genAssign
   00AA 75 8A EF           1012 	mov	_TL0,#0xEF
                    00AD   1013 	C$rtc.c$53$1$1 ==.
                           1014 ;	rtc.c:53: TH0 = timer_0_high;
                           1015 ;	genAssign
   00AD 75 8C 73           1016 	mov	_TH0,#0x73
                    00B0   1017 	C$rtc.c$54$1$1 ==.
                           1018 ;	rtc.c:54: TR0 = 1;
                           1019 ;	genAssign
   00B0 D2 8C              1020 	setb	_TR0
                    00B2   1021 	C$rtc.c$55$1$1 ==.
                           1022 ;	rtc.c:55: rtc_reset_time();
                           1023 ;	genCall
                    00B2   1024 	C$rtc.c$56$1$1 ==.
                           1025 ;	rtc.c:56: return;
                           1026 ;	genRet
                    00B2   1027 	C$rtc.c$57$1$1 ==.
                    00B2   1028 	XG$rtc_init$0$0 ==.
                           1029 ;	Peephole 253.b	replaced lcall/ret with ljmp
   00B2 02s02r32           1030 	ljmp	_rtc_reset_time
                           1031 ;
                           1032 ;------------------------------------------------------------
                           1033 ;Allocation info for local variables in function 'rtc_diplay'
                           1034 ;------------------------------------------------------------
                           1035 ;sloc0                     Allocated with name '_rtc_diplay_sloc0_1_0'
                           1036 ;sloc1                     Allocated with name '_rtc_diplay_sloc1_1_0'
                           1037 ;tenth_of_second           Allocated with name '_rtc_diplay_tenth_of_second_1_1'
                           1038 ;seconds                   Allocated with name '_rtc_diplay_seconds_1_1'
                           1039 ;minutes                   Allocated with name '_rtc_diplay_minutes_1_1'
                           1040 ;temp_row                  Allocated with name '_rtc_diplay_temp_row_1_1'
                           1041 ;temp_column               Allocated with name '_rtc_diplay_temp_column_1_1'
                           1042 ;prev_seconds              Allocated with name '_rtc_diplay_prev_seconds_1_1'
                           1043 ;prev_minutes              Allocated with name '_rtc_diplay_prev_minutes_1_1'
                           1044 ;------------------------------------------------------------
                    00B5   1045 	G$rtc_diplay$0$0 ==.
                    00B5   1046 	C$rtc.c$65$1$1 ==.
                           1047 ;	rtc.c:65: void rtc_diplay(void)
                           1048 ;	-----------------------------------------
                           1049 ;	 function rtc_diplay
                           1050 ;	-----------------------------------------
   00B5                    1051 _rtc_diplay:
                    00B5   1052 	C$rtc.c$69$1$1 ==.
                           1053 ;	rtc.c:69: temp_row = eeprom_read(lcd_current_row_address);
                           1054 ;	genCall
                           1055 ;	Peephole 182.b	used 16 bit load of dptr
   00B5 90 05 55           1056 	mov	dptr,#0x0555
   00B8 12s00r00           1057 	lcall	_eeprom_read
   00BB 85 82*01           1058 	mov	_rtc_diplay_sloc1_1_0,dpl
                    00BE   1059 	C$rtc.c$70$1$1 ==.
                           1060 ;	rtc.c:70: temp_column = eeprom_read(lcd_current_column_address);
                           1061 ;	genCall
                           1062 ;	Peephole 182.b	used 16 bit load of dptr
   00BE 90 07 77           1063 	mov	dptr,#0x0777
   00C1 12s00r00           1064 	lcall	_eeprom_read
   00C4 85 82*00           1065 	mov	_rtc_diplay_sloc0_1_0,dpl
                    00C7   1066 	C$rtc.c$71$1$1 ==.
                           1067 ;	rtc.c:71: tenth_of_second = time % 10;
                           1068 ;	genAssign
   00C7 90s00r04           1069 	mov	dptr,#_time
   00CA E0                 1070 	movx	a,@dptr
   00CB FC                 1071 	mov	r4,a
   00CC A3                 1072 	inc	dptr
   00CD E0                 1073 	movx	a,@dptr
   00CE FD                 1074 	mov	r5,a
   00CF A3                 1075 	inc	dptr
   00D0 E0                 1076 	movx	a,@dptr
   00D1 FE                 1077 	mov	r6,a
   00D2 A3                 1078 	inc	dptr
   00D3 E0                 1079 	movx	a,@dptr
   00D4 FF                 1080 	mov	r7,a
                           1081 ;	genAssign
   00D5 90s00r00           1082 	mov	dptr,#__modulong_PARM_2
   00D8 74 0A              1083 	mov	a,#0x0A
   00DA F0                 1084 	movx	@dptr,a
   00DB E4                 1085 	clr	a
   00DC A3                 1086 	inc	dptr
   00DD F0                 1087 	movx	@dptr,a
   00DE A3                 1088 	inc	dptr
   00DF F0                 1089 	movx	@dptr,a
   00E0 A3                 1090 	inc	dptr
   00E1 F0                 1091 	movx	@dptr,a
                           1092 ;	genCall
   00E2 8C 82              1093 	mov	dpl,r4
   00E4 8D 83              1094 	mov	dph,r5
   00E6 8E F0              1095 	mov	b,r6
   00E8 EF                 1096 	mov	a,r7
   00E9 C0 04              1097 	push	ar4
   00EB C0 05              1098 	push	ar5
   00ED C0 06              1099 	push	ar6
   00EF C0 07              1100 	push	ar7
   00F1 12s00r00           1101 	lcall	__modulong
   00F4 A8 82              1102 	mov	r0,dpl
   00F6 A9 83              1103 	mov	r1,dph
   00F8 AB F0              1104 	mov	r3,b
   00FA FA                 1105 	mov	r2,a
   00FB D0 07              1106 	pop	ar7
   00FD D0 06              1107 	pop	ar6
   00FF D0 05              1108 	pop	ar5
   0101 D0 04              1109 	pop	ar4
                           1110 ;	genCast
   0103 90s00r0A           1111 	mov	dptr,#_rtc_diplay_tenth_of_second_1_1
   0106 E8                 1112 	mov	a,r0
   0107 F0                 1113 	movx	@dptr,a
                    0108   1114 	C$rtc.c$72$1$1 ==.
                           1115 ;	rtc.c:72: seconds = (time/10) % 60;
                           1116 ;	genAssign
   0108 90s00r00           1117 	mov	dptr,#__divulong_PARM_2
   010B 74 0A              1118 	mov	a,#0x0A
   010D F0                 1119 	movx	@dptr,a
   010E E4                 1120 	clr	a
   010F A3                 1121 	inc	dptr
   0110 F0                 1122 	movx	@dptr,a
   0111 A3                 1123 	inc	dptr
   0112 F0                 1124 	movx	@dptr,a
   0113 A3                 1125 	inc	dptr
   0114 F0                 1126 	movx	@dptr,a
                           1127 ;	genCall
   0115 8C 82              1128 	mov	dpl,r4
   0117 8D 83              1129 	mov	dph,r5
   0119 8E F0              1130 	mov	b,r6
   011B EF                 1131 	mov	a,r7
   011C 12s00r00           1132 	lcall	__divulong
   011F AA 82              1133 	mov	r2,dpl
   0121 AB 83              1134 	mov	r3,dph
   0123 AC F0              1135 	mov	r4,b
   0125 FD                 1136 	mov	r5,a
                           1137 ;	genAssign
   0126 90s00r00           1138 	mov	dptr,#__modulong_PARM_2
   0129 74 3C              1139 	mov	a,#0x3C
   012B F0                 1140 	movx	@dptr,a
   012C E4                 1141 	clr	a
   012D A3                 1142 	inc	dptr
   012E F0                 1143 	movx	@dptr,a
   012F A3                 1144 	inc	dptr
   0130 F0                 1145 	movx	@dptr,a
   0131 A3                 1146 	inc	dptr
   0132 F0                 1147 	movx	@dptr,a
                           1148 ;	genCall
   0133 8A 82              1149 	mov	dpl,r2
   0135 8B 83              1150 	mov	dph,r3
   0137 8C F0              1151 	mov	b,r4
   0139 ED                 1152 	mov	a,r5
   013A 12s00r00           1153 	lcall	__modulong
   013D AA 82              1154 	mov	r2,dpl
   013F AB 83              1155 	mov	r3,dph
   0141 AC F0              1156 	mov	r4,b
   0143 FD                 1157 	mov	r5,a
                           1158 ;	genCast
   0144 90s00r0B           1159 	mov	dptr,#_rtc_diplay_seconds_1_1
   0147 EA                 1160 	mov	a,r2
   0148 F0                 1161 	movx	@dptr,a
                    0149   1162 	C$rtc.c$73$1$1 ==.
                           1163 ;	rtc.c:73: lcd_busy_wait();
                           1164 ;	genCall
   0149 12s00r00           1165 	lcall	_lcd_busy_wait
                    014C   1166 	C$rtc.c$74$1$1 ==.
                           1167 ;	rtc.c:74: lcd_go_to_addr(0xDF);
                           1168 ;	genCall
   014C 75 82 DF           1169 	mov	dpl,#0xDF
   014F 12s00r00           1170 	lcall	_lcd_go_to_addr
                    0152   1171 	C$rtc.c$75$1$1 ==.
                           1172 ;	rtc.c:75: lcd_busy_wait();
                           1173 ;	genCall
   0152 12s00r00           1174 	lcall	_lcd_busy_wait
                    0155   1175 	C$rtc.c$76$1$1 ==.
                           1176 ;	rtc.c:76: lcd_print_number(tenth_of_second,1);
                           1177 ;	genAssign
   0155 90s00r0A           1178 	mov	dptr,#_rtc_diplay_tenth_of_second_1_1
   0158 E0                 1179 	movx	a,@dptr
   0159 FA                 1180 	mov	r2,a
                           1181 ;	genCast
   015A 7B 00              1182 	mov	r3,#0x00
   015C 7C 00              1183 	mov	r4,#0x00
   015E 7D 00              1184 	mov	r5,#0x00
                           1185 ;	genAssign
   0160 90s00r00           1186 	mov	dptr,#_lcd_print_number_PARM_2
   0163 74 01              1187 	mov	a,#0x01
   0165 F0                 1188 	movx	@dptr,a
                           1189 ;	genCall
   0166 8A 82              1190 	mov	dpl,r2
   0168 8B 83              1191 	mov	dph,r3
   016A 8C F0              1192 	mov	b,r4
   016C ED                 1193 	mov	a,r5
   016D 12s00r00           1194 	lcall	_lcd_print_number
                    0170   1195 	C$rtc.c$77$1$1 ==.
                           1196 ;	rtc.c:77: if(seconds != prev_seconds)
                           1197 ;	genAssign
   0170 90s00r0B           1198 	mov	dptr,#_rtc_diplay_seconds_1_1
   0173 E0                 1199 	movx	a,@dptr
   0174 FA                 1200 	mov	r2,a
                           1201 ;	genAssign
   0175 90s00r0D           1202 	mov	dptr,#_rtc_diplay_prev_seconds_1_1
   0178 E0                 1203 	movx	a,@dptr
   0179 FB                 1204 	mov	r3,a
                           1205 ;	genCmpEq
                           1206 ;	gencjneshort
   017A EA                 1207 	mov	a,r2
   017B B5 03 03           1208 	cjne	a,ar3,00109$
   017E 02s02r20           1209 	ljmp	00104$
   0181                    1210 00109$:
                    0181   1211 	C$rtc.c$79$2$2 ==.
                           1212 ;	rtc.c:79: lcd_busy_wait();
                           1213 ;	genCall
   0181 C0 02              1214 	push	ar2
   0183 12s00r00           1215 	lcall	_lcd_busy_wait
   0186 D0 02              1216 	pop	ar2
                    0188   1217 	C$rtc.c$80$2$2 ==.
                           1218 ;	rtc.c:80: lcd_go_to_addr(0xDC);
                           1219 ;	genCall
   0188 75 82 DC           1220 	mov	dpl,#0xDC
   018B C0 02              1221 	push	ar2
   018D 12s00r00           1222 	lcall	_lcd_go_to_addr
   0190 D0 02              1223 	pop	ar2
                    0192   1224 	C$rtc.c$81$2$2 ==.
                           1225 ;	rtc.c:81: lcd_print_number(seconds,2);
                           1226 ;	genCast
   0192 8A 03              1227 	mov	ar3,r2
   0194 7C 00              1228 	mov	r4,#0x00
   0196 7D 00              1229 	mov	r5,#0x00
   0198 7E 00              1230 	mov	r6,#0x00
                           1231 ;	genAssign
   019A 90s00r00           1232 	mov	dptr,#_lcd_print_number_PARM_2
   019D 74 02              1233 	mov	a,#0x02
   019F F0                 1234 	movx	@dptr,a
                           1235 ;	genCall
   01A0 8B 82              1236 	mov	dpl,r3
   01A2 8C 83              1237 	mov	dph,r4
   01A4 8D F0              1238 	mov	b,r5
   01A6 EE                 1239 	mov	a,r6
   01A7 C0 02              1240 	push	ar2
   01A9 12s00r00           1241 	lcall	_lcd_print_number
   01AC D0 02              1242 	pop	ar2
                    01AE   1243 	C$rtc.c$82$2$2 ==.
                           1244 ;	rtc.c:82: prev_seconds = seconds;
                           1245 ;	genAssign
   01AE 90s00r0D           1246 	mov	dptr,#_rtc_diplay_prev_seconds_1_1
   01B1 EA                 1247 	mov	a,r2
   01B2 F0                 1248 	movx	@dptr,a
                    01B3   1249 	C$rtc.c$83$2$2 ==.
                           1250 ;	rtc.c:83: minutes = time/600;
                           1251 ;	genAssign
   01B3 90s00r04           1252 	mov	dptr,#_time
   01B6 E0                 1253 	movx	a,@dptr
   01B7 FA                 1254 	mov	r2,a
   01B8 A3                 1255 	inc	dptr
   01B9 E0                 1256 	movx	a,@dptr
   01BA FB                 1257 	mov	r3,a
   01BB A3                 1258 	inc	dptr
   01BC E0                 1259 	movx	a,@dptr
   01BD FC                 1260 	mov	r4,a
   01BE A3                 1261 	inc	dptr
   01BF E0                 1262 	movx	a,@dptr
   01C0 FD                 1263 	mov	r5,a
                           1264 ;	genAssign
   01C1 90s00r00           1265 	mov	dptr,#__divulong_PARM_2
   01C4 74 58              1266 	mov	a,#0x58
   01C6 F0                 1267 	movx	@dptr,a
   01C7 A3                 1268 	inc	dptr
   01C8 74 02              1269 	mov	a,#0x02
   01CA F0                 1270 	movx	@dptr,a
   01CB A3                 1271 	inc	dptr
                           1272 ;	Peephole 181	changed mov to clr
   01CC E4                 1273 	clr	a
   01CD F0                 1274 	movx	@dptr,a
   01CE A3                 1275 	inc	dptr
                           1276 ;	Peephole 101	removed redundant mov
   01CF F0                 1277 	movx	@dptr,a
                           1278 ;	genCall
   01D0 8A 82              1279 	mov	dpl,r2
   01D2 8B 83              1280 	mov	dph,r3
   01D4 8C F0              1281 	mov	b,r4
   01D6 ED                 1282 	mov	a,r5
   01D7 12s00r00           1283 	lcall	__divulong
   01DA AA 82              1284 	mov	r2,dpl
   01DC AB 83              1285 	mov	r3,dph
   01DE AC F0              1286 	mov	r4,b
   01E0 FD                 1287 	mov	r5,a
                           1288 ;	genCast
                           1289 ;	genAssign
   01E1 90s00r0C           1290 	mov	dptr,#_rtc_diplay_minutes_1_1
   01E4 EA                 1291 	mov	a,r2
   01E5 F0                 1292 	movx	@dptr,a
                    01E6   1293 	C$rtc.c$84$2$2 ==.
                           1294 ;	rtc.c:84: if(minutes != prev_minutes)
                           1295 ;	genAssign
   01E6 90s00r0E           1296 	mov	dptr,#_rtc_diplay_prev_minutes_1_1
   01E9 E0                 1297 	movx	a,@dptr
   01EA FB                 1298 	mov	r3,a
                           1299 ;	genCmpEq
                           1300 ;	gencjneshort
   01EB EA                 1301 	mov	a,r2
   01EC B5 03 02           1302 	cjne	a,ar3,00110$
                           1303 ;	Peephole 112.b	changed ljmp to sjmp
   01EF 80 2F              1304 	sjmp	00104$
   01F1                    1305 00110$:
                    01F1   1306 	C$rtc.c$86$3$3 ==.
                           1307 ;	rtc.c:86: lcd_busy_wait();
                           1308 ;	genCall
   01F1 12s00r00           1309 	lcall	_lcd_busy_wait
                    01F4   1310 	C$rtc.c$87$3$3 ==.
                           1311 ;	rtc.c:87: lcd_go_to_addr(0xD9);
                           1312 ;	genCall
   01F4 75 82 D9           1313 	mov	dpl,#0xD9
   01F7 12s00r00           1314 	lcall	_lcd_go_to_addr
                    01FA   1315 	C$rtc.c$88$3$3 ==.
                           1316 ;	rtc.c:88: lcd_print_number(minutes,2);
                           1317 ;	genAssign
   01FA 90s00r0C           1318 	mov	dptr,#_rtc_diplay_minutes_1_1
   01FD E0                 1319 	movx	a,@dptr
   01FE FA                 1320 	mov	r2,a
                           1321 ;	genCast
   01FF 8A 03              1322 	mov	ar3,r2
   0201 7C 00              1323 	mov	r4,#0x00
   0203 7D 00              1324 	mov	r5,#0x00
   0205 7E 00              1325 	mov	r6,#0x00
                           1326 ;	genAssign
   0207 90s00r00           1327 	mov	dptr,#_lcd_print_number_PARM_2
   020A 74 02              1328 	mov	a,#0x02
   020C F0                 1329 	movx	@dptr,a
                           1330 ;	genCall
   020D 8B 82              1331 	mov	dpl,r3
   020F 8C 83              1332 	mov	dph,r4
   0211 8D F0              1333 	mov	b,r5
   0213 EE                 1334 	mov	a,r6
   0214 C0 02              1335 	push	ar2
   0216 12s00r00           1336 	lcall	_lcd_print_number
   0219 D0 02              1337 	pop	ar2
                    021B   1338 	C$rtc.c$89$3$3 ==.
                           1339 ;	rtc.c:89: prev_minutes = minutes;
                           1340 ;	genAssign
   021B 90s00r0E           1341 	mov	dptr,#_rtc_diplay_prev_minutes_1_1
   021E EA                 1342 	mov	a,r2
   021F F0                 1343 	movx	@dptr,a
   0220                    1344 00104$:
                    0220   1345 	C$rtc.c$92$1$1 ==.
                           1346 ;	rtc.c:92: lcd_go_to_x_y(temp_row,temp_column);
                           1347 ;	genAssign
   0220 90s00r00           1348 	mov	dptr,#_lcd_go_to_x_y_PARM_2
   0223 E5*00              1349 	mov	a,_rtc_diplay_sloc0_1_0
   0225 F0                 1350 	movx	@dptr,a
                           1351 ;	genCall
   0226 85*01 82           1352 	mov	dpl,_rtc_diplay_sloc1_1_0
                    0229   1353 	C$rtc.c$93$1$1 ==.
                           1354 ;	rtc.c:93: return;
                           1355 ;	genRet
                    0229   1356 	C$rtc.c$94$1$1 ==.
                    0229   1357 	XG$rtc_diplay$0$0 ==.
                           1358 ;	Peephole 253.b	replaced lcall/ret with ljmp
   0229 02s00r00           1359 	ljmp	_lcd_go_to_x_y
                           1360 ;
                           1361 ;------------------------------------------------------------
                           1362 ;Allocation info for local variables in function 'rtc_stop_time'
                           1363 ;------------------------------------------------------------
                           1364 ;------------------------------------------------------------
                    022C   1365 	G$rtc_stop_time$0$0 ==.
                    022C   1366 	C$rtc.c$100$1$1 ==.
                           1367 ;	rtc.c:100: void rtc_stop_time(void)
                           1368 ;	-----------------------------------------
                           1369 ;	 function rtc_stop_time
                           1370 ;	-----------------------------------------
   022C                    1371 _rtc_stop_time:
                    022C   1372 	C$rtc.c$102$1$1 ==.
                           1373 ;	rtc.c:102: TR0 = 0;
                           1374 ;	genAssign
   022C C2 8C              1375 	clr	_TR0
                           1376 ;	Peephole 300	removed redundant label 00101$
                    022E   1377 	C$rtc.c$103$1$1 ==.
                    022E   1378 	XG$rtc_stop_time$0$0 ==.
   022E 22                 1379 	ret
                           1380 ;------------------------------------------------------------
                           1381 ;Allocation info for local variables in function 'rtc_start_time'
                           1382 ;------------------------------------------------------------
                           1383 ;------------------------------------------------------------
                    022F   1384 	G$rtc_start_time$0$0 ==.
                    022F   1385 	C$rtc.c$109$1$1 ==.
                           1386 ;	rtc.c:109: void rtc_start_time(void)
                           1387 ;	-----------------------------------------
                           1388 ;	 function rtc_start_time
                           1389 ;	-----------------------------------------
   022F                    1390 _rtc_start_time:
                    022F   1391 	C$rtc.c$111$1$1 ==.
                           1392 ;	rtc.c:111: TR0 = 1;
                           1393 ;	genAssign
   022F D2 8C              1394 	setb	_TR0
                           1395 ;	Peephole 300	removed redundant label 00101$
                    0231   1396 	C$rtc.c$112$1$1 ==.
                    0231   1397 	XG$rtc_start_time$0$0 ==.
   0231 22                 1398 	ret
                           1399 ;------------------------------------------------------------
                           1400 ;Allocation info for local variables in function 'rtc_reset_time'
                           1401 ;------------------------------------------------------------
                           1402 ;------------------------------------------------------------
                    0232   1403 	G$rtc_reset_time$0$0 ==.
                    0232   1404 	C$rtc.c$118$1$1 ==.
                           1405 ;	rtc.c:118: void rtc_reset_time(void)
                           1406 ;	-----------------------------------------
                           1407 ;	 function rtc_reset_time
                           1408 ;	-----------------------------------------
   0232                    1409 _rtc_reset_time:
                    0232   1410 	C$rtc.c$120$1$1 ==.
                           1411 ;	rtc.c:120: lcd_go_to_addr(0xD9);
                           1412 ;	genCall
   0232 75 82 D9           1413 	mov	dpl,#0xD9
   0235 12s00r00           1414 	lcall	_lcd_go_to_addr
                    0238   1415 	C$rtc.c$121$1$1 ==.
                           1416 ;	rtc.c:121: lcd_print_number(0,2);
                           1417 ;	genAssign
   0238 90s00r00           1418 	mov	dptr,#_lcd_print_number_PARM_2
   023B 74 02              1419 	mov	a,#0x02
   023D F0                 1420 	movx	@dptr,a
                           1421 ;	genCall
                           1422 ;	Peephole 3.a	changed mov to clr
                           1423 ;	Peephole 3.b	changed mov to clr
                           1424 ;	Peephole 182.d	used 16 bit load of dptr
   023E 90 00 00           1425 	mov	dptr,#(0x00&0x00ff)
   0241 E4                 1426 	clr	a
   0242 F5 F0              1427 	mov	b,a
   0244 12s00r00           1428 	lcall	_lcd_print_number
                    0247   1429 	C$rtc.c$122$1$1 ==.
                           1430 ;	rtc.c:122: lcd_busy_wait();
                           1431 ;	genCall
   0247 12s00r00           1432 	lcall	_lcd_busy_wait
                    024A   1433 	C$rtc.c$123$1$1 ==.
                           1434 ;	rtc.c:123: *(lcd_data_write_address) = 0 + ':';
                           1435 ;	genAssign
                           1436 ;	Peephole 182.b	used 16 bit load of dptr
   024A 90 A0 00           1437 	mov	dptr,#0xA000
                           1438 ;	genPointerSet
                           1439 ;     genFarPointerSet
   024D 74 3A              1440 	mov	a,#0x3A
   024F F0                 1441 	movx	@dptr,a
                    0250   1442 	C$rtc.c$124$1$1 ==.
                           1443 ;	rtc.c:124: lcd_print_number(0,2);
                           1444 ;	genAssign
   0250 90s00r00           1445 	mov	dptr,#_lcd_print_number_PARM_2
   0253 74 02              1446 	mov	a,#0x02
   0255 F0                 1447 	movx	@dptr,a
                           1448 ;	genCall
                           1449 ;	Peephole 3.a	changed mov to clr
                           1450 ;	Peephole 3.b	changed mov to clr
                           1451 ;	Peephole 182.d	used 16 bit load of dptr
   0256 90 00 00           1452 	mov	dptr,#(0x00&0x00ff)
   0259 E4                 1453 	clr	a
   025A F5 F0              1454 	mov	b,a
   025C 12s00r00           1455 	lcall	_lcd_print_number
                    025F   1456 	C$rtc.c$125$1$1 ==.
                           1457 ;	rtc.c:125: lcd_busy_wait();
                           1458 ;	genCall
   025F 12s00r00           1459 	lcall	_lcd_busy_wait
                    0262   1460 	C$rtc.c$126$1$1 ==.
                           1461 ;	rtc.c:126: *(lcd_data_write_address) = 0 + '.';
                           1462 ;	genAssign
                           1463 ;	Peephole 182.b	used 16 bit load of dptr
   0262 90 A0 00           1464 	mov	dptr,#0xA000
                           1465 ;	genPointerSet
                           1466 ;     genFarPointerSet
   0265 74 2E              1467 	mov	a,#0x2E
   0267 F0                 1468 	movx	@dptr,a
                    0268   1469 	C$rtc.c$127$1$1 ==.
                           1470 ;	rtc.c:127: lcd_print_number(0,1);
                           1471 ;	genAssign
   0268 90s00r00           1472 	mov	dptr,#_lcd_print_number_PARM_2
   026B 74 01              1473 	mov	a,#0x01
   026D F0                 1474 	movx	@dptr,a
                           1475 ;	genCall
                           1476 ;	Peephole 3.a	changed mov to clr
                           1477 ;	Peephole 3.b	changed mov to clr
                           1478 ;	Peephole 182.d	used 16 bit load of dptr
   026E 90 00 00           1479 	mov	dptr,#(0x00&0x00ff)
   0271 E4                 1480 	clr	a
   0272 F5 F0              1481 	mov	b,a
   0274 12s00r00           1482 	lcall	_lcd_print_number
                    0277   1483 	C$rtc.c$128$1$1 ==.
                           1484 ;	rtc.c:128: time = 0;
                           1485 ;	genAssign
   0277 90s00r04           1486 	mov	dptr,#_time
   027A E4                 1487 	clr	a
   027B F0                 1488 	movx	@dptr,a
   027C A3                 1489 	inc	dptr
   027D F0                 1490 	movx	@dptr,a
   027E A3                 1491 	inc	dptr
   027F F0                 1492 	movx	@dptr,a
   0280 A3                 1493 	inc	dptr
   0281 F0                 1494 	movx	@dptr,a
                           1495 ;	Peephole 300	removed redundant label 00101$
                    0282   1496 	C$rtc.c$129$1$1 ==.
                    0282   1497 	XG$rtc_reset_time$0$0 ==.
   0282 22                 1498 	ret
                           1499 	.area CSEG    (CODE)
                           1500 	.area CONST   (CODE)
                           1501 	.area XINIT   (CODE)
